[{"string":"Compiling lib/main.dart for the Web...                          ","type":"text"},{"string":"Target dart2js failed: Exception: lib/main.dart:5:15:","type":"error"},{"string":"Error: Can't find ')' to match '('.","type":"error"},{"string":"        Center(","type":"error"},{"string":"              ^","type":"error"},{"string":"lib/main.dart:4:11:","type":"error"},{"string":"Error: Can't find ')' to match '('.","type":"error"},{"string":"    runApp(","type":"error"},{"string":"          ^","type":"error"},{"string":"lib/main.dart:9:11:","type":"error"},{"string":"Error: Expected ';' after this.","type":"error"},{"string":"          )","type":"error"},{"string":"          ^","type":"error"},{"string":"Error: Compilation failed.","type":"error"},{"string":"","type":"error"},{"string":"Compiling lib/main.dart for the Web...                             19.5s","type":"text"},{"string":"Exception: Failed to compile application for the Web.","type":"error"}]