[{"string":"Compiling lib/main.dart for the Web...                          ","type":"text"},{"string":"Target dart2js failed: Exception: lib/main.dart:9:12:","type":"error"},{"string":"Error: Expected ';' after this.","type":"error"},{"string":"          ))","type":"error"},{"string":"           ^","type":"error"},{"string":"Error: Compilation failed.","type":"error"},{"string":"","type":"error"},{"string":"Compiling lib/main.dart for the Web...                             18.9s","type":"text"},{"string":"Exception: Failed to compile application for the Web.","type":"error"}]